\BOOKMARK [1][-]{section.1}{R\366vid\355t\351sjegyz\351k}{}% 1
\BOOKMARK [1][-]{section.2}{Bevezet\351s}{}% 2
\BOOKMARK [2][-]{subsection.2.1}{A b\351l mikrobi\363ta fontoss\341g\341nak ismertet\351se}{section.2}% 3
\BOOKMARK [2][-]{subsection.2.2}{A Hum\341n-Salmonella kapcsolat ismertet\351se \351s hat\341sa az autof\341gi\341ra}{section.2}% 4
\BOOKMARK [2][-]{subsection.2.3}{\326kol\363giai h\341l\363zatok elemz\351s\351re haszn\341lt topol\363giai indexek}{section.2}% 5
\BOOKMARK [1][-]{section.3}{C\351lkituz\351sek}{}% 6
\BOOKMARK [1][-]{section.4}{Forr\341sok \351s m\363dszertan}{}% 7
\BOOKMARK [2][-]{subsection.4.1}{Informatikai m\363dszerek}{section.4}% 8
\BOOKMARK [2][-]{subsection.4.2}{Az forr\341sok feldolgoz\341s\341nak eszk\366zei}{section.4}% 9
\BOOKMARK [2][-]{subsection.4.3}{A forr\341sok}{section.4}% 10
\BOOKMARK [3][-]{subsubsection.4.3.1}{Autophagy Regulatory Network \(ARN\)}{subsection.4.3}% 11
\BOOKMARK [3][-]{subsubsection.4.3.2}{Az ARN feldolgoz\341sa}{subsection.4.3}% 12
\BOOKMARK [3][-]{subsubsection.4.3.3}{Salmonet}{subsection.4.3}% 13
\BOOKMARK [3][-]{subsubsection.4.3.4}{A Salmonet feldolgoz\341sa}{subsection.4.3}% 14
\BOOKMARK [3][-]{subsubsection.4.3.5}{A predikci\363k}{subsection.4.3}% 15
\BOOKMARK [3][-]{subsubsection.4.3.6}{A predikci\363k feldolgoz\341sa}{subsection.4.3}% 16
\BOOKMARK [3][-]{subsubsection.4.3.7}{Az adatb\341zisok egyes\355t\351se}{subsection.4.3}% 17
\BOOKMARK [2][-]{subsection.4.4}{A h\341l\363zatok topol\363giai elemz\351se}{section.4}% 18
\BOOKMARK [3][-]{subsubsection.4.4.1}{A TopologyAnalyser oszt\341ly}{subsection.4.4}% 19
\BOOKMARK [1][-]{section.5}{Eredm\351nyek}{}% 20
\BOOKMARK [2][-]{subsection.5.1}{Topol\363giai indexek az alh\341l\363zatokban}{section.5}% 21
\BOOKMARK [3][-]{subsubsection.5.1.1}{ARN}{subsection.5.1}% 22
\BOOKMARK [3][-]{subsubsection.5.1.2}{Salmonet}{subsection.5.1}% 23
\BOOKMARK [2][-]{subsection.5.2}{Topol\363giai indexek az integr\341lt h\341l\363zatban}{section.5}% 24
\BOOKMARK [2][-]{subsection.5.3}{A h\341rmas t\355pus\372 szekr\351ci\363s rendszer kapcsolatai}{section.5}% 25
\BOOKMARK [3][-]{subsubsection.5.3.1}{A Salmonella kapcsolatai az autof\341gia feh\351rj\351kkel}{subsection.5.3}% 26
\BOOKMARK [3][-]{subsubsection.5.3.2}{A T3SS kapcsolatai \351s a Salmonella belso kapcsolatai}{subsection.5.3}% 27
\BOOKMARK [1][-]{section.6}{Diszkusszi\363}{}% 28
\BOOKMARK [1][-]{section.7}{\326sszefoglal\341s}{}% 29
\BOOKMARK [1][-]{section.8}{Summary}{}% 30
\BOOKMARK [1][-]{section.9}{K\366sz\366netnyilv\341n\355t\341s}{}% 31
\BOOKMARK [1][-]{section.10}{Nyilatkozat}{}% 32
